<?xml version="1.0" encoding="utf-8"?><testsuites><testsuite name="pytest" errors="0" failures="0" skipped="0" tests="2" time="16.335" timestamp="2024-05-31T20:55:55.795316" hostname="biobb-runners"><testcase classname="biobb_pytorch.test.unitests.test_mdae.test_apply_mdae.TestApplyMdae" name="test_apply_mdae" time="0.089" /><testcase classname="biobb_pytorch.test.unitests.test_mdae.test_train_mdae.TestTrainMdae" name="test_train_mdae" time="14.550" /></testsuite></testsuites>