<?xml version="1.0" encoding="utf-8"?><testsuites><testsuite name="pytest" errors="0" failures="0" skipped="0" tests="2" time="18.598" timestamp="2024-11-21T09:03:53.509363+00:00" hostname="biobb-runners"><testcase classname="biobb_pytorch.test.unitests.test_mdae.test_apply_mdae.TestApplyMdae" name="test_apply_mdae" time="0.141" /><testcase classname="biobb_pytorch.test.unitests.test_mdae.test_train_mdae.TestTrainMdae" name="test_train_mdae" time="15.408" /></testsuite></testsuites>