<?xml version="1.0" encoding="utf-8"?><testsuites name="pytest tests"><testsuite name="pytest" errors="0" failures="0" skipped="0" tests="2" time="55.661" timestamp="2025-06-20T09:46:07.945629+00:00" hostname="github-actions.vm.mmb.pcb.ub.es"><testcase classname="biobb_pytorch.test.unitests.test_mdae.test_apply_mdae.TestApplyMdae" name="test_apply_mdae" time="0.216" /><testcase classname="biobb_pytorch.test.unitests.test_mdae.test_train_mdae.TestTrainMdae" name="test_train_mdae" time="51.004" /></testsuite></testsuites>