<?xml version="1.0" encoding="utf-8"?><testsuites><testsuite name="pytest" errors="0" failures="0" skipped="0" tests="2" time="19.739" timestamp="2024-04-04T23:31:12.517771" hostname="biobb-runners"><testcase classname="biobb_pytorch.test.unitests.test_mdae.test_apply_mdae.TestTrainMdae" name="test_mdae" time="0.093" /><testcase classname="biobb_pytorch.test.unitests.test_mdae.test_train_mdae.TestTrainMdae" name="test_mdae" time="17.894" /></testsuite></testsuites>