<?xml version="1.0" encoding="utf-8"?><testsuites><testsuite name="pytest" errors="0" failures="0" skipped="0" tests="2" time="19.781" timestamp="2024-04-05T00:47:39.515112" hostname="biobb-runners"><testcase classname="biobb_pytorch.test.unitests.test_mdae.test_apply_mdae.TestTrainMdae" name="test_mdae" time="0.076" /><testcase classname="biobb_pytorch.test.unitests.test_mdae.test_train_mdae.TestTrainMdae" name="test_mdae" time="17.598" /></testsuite></testsuites>